#
# A fatal error has been detected by the Java Runtime Environment:
#
#  EXCEPTION_ACCESS_VIOLATION (0xc0000005) at pc=0x000000006d9a81cb, pid=10488, tid=8776
#
# JRE version: 7.0_25-b17
# Java VM: Java HotSpot(TM) 64-Bit Server VM (23.25-b01 mixed mode windows-amd64 compressed oops)
# Problematic frame:
# V  [jvm.dll+0x1181cb]
#
# Failed to write core dump. Minidumps are not enabled by default on client versions of Windows
#
# If you would like to submit a bug report, please visit:
#   http://bugreport.sun.com/bugreport/crash.jsp
#

---------------  T H R E A D  ---------------

Current thread (0x000000000a1d4800):  JavaThread "JDWP Transport Listener: dt_socket" daemon [_thread_in_vm, id=8776, stack(0x000000000b010000,0x000000000b110000)]

siginfo: ExceptionCode=0xc0000005, reading address 0xffffffffffffffff

Registers:
RAX=0x000000000b10f601, RBX=0x000000000a1d4800, RCX=0x2f65696b6f6f632f, RDX=0x0000000000000000
RSP=0x000000000b10f610, RBP=0x2f65696b6f6f632f, RSI=0x000000000b10f728, RDI=0x000000000020b910
R8 =0x000000000a1d4800, R9 =0x000c6724001d000a, R10=0x0000000000000000, R11=0x000000000cc29253
R12=0x0000000000000000, R13=0x0000000000000000, R14=0x0000000000000000, R15=0x0000000000000000
RIP=0x000000006d9a81cb, EFLAGS=0x0000000000010202

Top of Stack: (sp=0x000000000b10f610)
0x000000000b10f610:   000000000a1d4800 0000000000000007
0x000000000b10f620:   000000000b10f6d8 000000006db29649
0x000000000b10f630:   000000000a1d4800 000000006db45012
0x000000000b10f640:   0000000000000000 000000005fe58e7d
0x000000000b10f650:   000000000c005720 000000005fe6264e
0x000000000b10f660:   000000000a1d4800 0000000000000000
0x000000000b10f670:   0000000000000000 0000000000000000
0x000000000b10f680:   2f65696b6f6f632f 000000005fe61745
0x000000000b10f690:   000000000b10f728 000000000b10f700
0x000000000b10f6a0:   0000000000000001 000000000c005720
0x000000000b10f6b0:   2f65696b6f6f632f 000000005fe453b3
0x000000000b10f6c0:   000000000b10f7f0 0000000000000001
0x000000000b10f6d0:   0000000000000001 000000000c005720
0x000000000b10f6e0:   000000000000000a 0000000000000000
0x000000000b10f6f0:   0000000000000000 0000000000000000
0x000000000b10f700:   0000000000000001 000000005fe45571 

Instructions: (pc=0x000000006d9a81cb)
0x000000006d9a81ab:   48 8b 5c 24 30 48 89 47 18 48 83 c4 20 5f c3 cc
0x000000006d9a81bb:   cc cc cc cc cc 40 53 48 83 ec 20 48 85 c9 74 54
0x000000006d9a81cb:   48 8b 19 48 85 db 74 4c 48 b8 fe fe fe fe fe fe
0x000000006d9a81db:   fe fe 48 3b d8 74 3d 80 3d af 4b 58 00 00 74 15 


Register to memory mapping:

RAX=0x000000000b10f601 is pointing into the stack for thread: 0x000000000a1d4800
RBX=0x000000000a1d4800 is a thread
RCX=0x2f65696b6f6f632f is an unknown value
RDX=0x0000000000000000 is an unknown value
RSP=0x000000000b10f610 is pointing into the stack for thread: 0x000000000a1d4800
RBP=0x2f65696b6f6f632f is an unknown value
RSI=0x000000000b10f728 is pointing into the stack for thread: 0x000000000a1d4800
RDI=0x000000000020b910 is an unknown value
R8 =0x000000000a1d4800 is a thread
R9 =0x000c6724001d000a is an unknown value
R10=0x0000000000000000 is an unknown value
R11=0x000000000cc29253 is an unknown value
R12=0x0000000000000000 is an unknown value
R13=0x0000000000000000 is an unknown value
R14=0x0000000000000000 is an unknown value
R15=0x0000000000000000 is an unknown value


Stack: [0x000000000b010000,0x000000000b110000],  sp=0x000000000b10f610,  free space=1021k
Native frames: (J=compiled Java code, j=interpreted, Vv=VM code, C=native code)
V  [jvm.dll+0x1181cb]


---------------  P R O C E S S  ---------------

Java Threads: ( => current thread )
  0x000000000bc47000 JavaThread "1547603062@qtp-1826717812-8" [_thread_blocked, id=10012, stack(0x000000000d490000,0x000000000d590000)]
  0x000000000daae800 JavaThread "221975262@qtp-1826717812-7" [_thread_blocked, id=6720, stack(0x000000000d270000,0x000000000d370000)]
  0x000000000dff5800 JavaThread "Timer-0" daemon [_thread_blocked, id=9328, stack(0x000000000e960000,0x000000000ea60000)]
  0x000000000c0f3800 JavaThread "519036246@qtp-1826717812-1 - Acceptor0 SelectChannelConnector@127.0.0.1:8888" [_thread_in_native, id=10084, stack(0x000000000d6c0000,0x000000000d7c0000)]
  0x000000000a355000 JavaThread "Service Thread" daemon [_thread_blocked, id=9432, stack(0x000000000b940000,0x000000000ba40000)]
  0x000000000a354800 JavaThread "C2 CompilerThread1" daemon [_thread_blocked, id=5760, stack(0x000000000b750000,0x000000000b850000)]
  0x000000000a23d800 JavaThread "C2 CompilerThread0" daemon [_thread_blocked, id=9020, stack(0x000000000b460000,0x000000000b560000)]
  0x000000000a1d8800 JavaThread "JDWP Command Reader" daemon [_thread_in_native, id=3408, stack(0x000000000b2f0000,0x000000000b3f0000)]
  0x000000000a1d7800 JavaThread "JDWP Event Helper Thread" daemon [_thread_blocked, id=3944, stack(0x000000000b1b0000,0x000000000b2b0000)]
=>0x000000000a1d4800 JavaThread "JDWP Transport Listener: dt_socket" daemon [_thread_in_vm, id=8776, stack(0x000000000b010000,0x000000000b110000)]
  0x000000000a1c0000 JavaThread "Attach Listener" daemon [_thread_blocked, id=4592, stack(0x000000000a7c0000,0x000000000a8c0000)]
  0x000000000a1bf000 JavaThread "Signal Dispatcher" daemon [_thread_blocked, id=6412, stack(0x000000000a6b0000,0x000000000a7b0000)]
  0x00000000081fc800 JavaThread "Finalizer" daemon [_thread_blocked, id=6132, stack(0x000000000a070000,0x000000000a170000)]
  0x00000000081f4800 JavaThread "Reference Handler" daemon [_thread_blocked, id=10644, stack(0x0000000009f30000,0x000000000a030000)]
  0x0000000002518000 JavaThread "main" [_thread_blocked, id=3896, stack(0x0000000002810000,0x0000000002910000)]

Other Threads:
  0x00000000081e9000 VMThread [stack: 0x0000000009df0000,0x0000000009ef0000] [id=9092]
  0x000000000a356000 WatcherThread [stack: 0x000000000b5d0000,0x000000000b6d0000] [id=1944]

VM state:not at safepoint (normal execution)

VM Mutex/Monitor currently owned by a thread: None

Heap
 PSYoungGen      total 106368K, used 71249K [0x00000000f5560000, 0x00000000fc700000, 0x0000000100000000)
  eden space 97024K, 67% used [0x00000000f5560000,0x00000000f9508600,0x00000000fb420000)
  from space 9344K, 64% used [0x00000000fbde0000,0x00000000fc3cbf18,0x00000000fc700000)
  to   space 9664K, 0% used [0x00000000fb420000,0x00000000fb420000,0x00000000fbd90000)
 ParOldGen       total 64448K, used 14248K [0x00000000e0000000, 0x00000000e3ef0000, 0x00000000f5560000)
  object space 64448K, 22% used [0x00000000e0000000,0x00000000e0dea2b8,0x00000000e3ef0000)
 PSPermGen       total 24704K, used 24696K [0x00000000dae00000, 0x00000000dc620000, 0x00000000e0000000)
  object space 24704K, 99% used [0x00000000dae00000,0x00000000dc61e128,0x00000000dc620000)

Card table byte_map: [0x0000000002910000,0x0000000002a40000] byte_map_base: 0x0000000002239000

Polling page: 0x0000000000250000

Code Cache  [0x0000000002af0000, 0x0000000002d60000, 0x0000000005af0000)
 total_blobs=766 nmethods=423 adapters=302 free_code_cache=47011Kb largest_free_block=48086208

Compilation events (10 events):
Event: 5612.456 Thread 0x000000000a354800  434             java.lang.System$2::blockedOn (6 bytes)
Event: 5612.459 Thread 0x000000000a354800 nmethod 434 0x0000000002b63610 code [0x0000000002b63760, 0x0000000002b63a38]
Event: 5666.458 Thread 0x000000000a23d800  435             java.nio.channels.spi.AbstractInterruptibleChannel::blockedOn (13 bytes)
Event: 5666.461 Thread 0x000000000a23d800 nmethod 435 0x0000000002c9ced0 code [0x0000000002c9d020, 0x0000000002c9d338]
Event: 5692.459 Thread 0x000000000a354800  436             java.nio.channels.spi.AbstractSelector::cancelledKeys (5 bytes)
Event: 5692.460 Thread 0x000000000a354800 nmethod 436 0x0000000002c9e210 code [0x0000000002c9e340, 0x0000000002c9e398]
Event: 5876.468 Thread 0x000000000a23d800  437   !         sun.nio.ch.SelectorImpl::processDeregisterQueue (111 bytes)
Event: 5876.478 Thread 0x000000000a23d800 nmethod 437 0x0000000002ce4c90 code [0x0000000002ce4e40, 0x0000000002ce5530]
Event: 5885.469 Thread 0x000000000a354800  438             sun.nio.ch.SelectorImpl::selectedKeys (28 bytes)
Event: 5885.470 Thread 0x000000000a354800 nmethod 438 0x0000000002c9cb90 code [0x0000000002c9cce0, 0x0000000002c9cda8]

GC Heap History (10 events):
Event: 3.354 GC heap before
{Heap before GC invocations=2 (full 0):
 PSYoungGen      total 28224K, used 28206K [0x00000000f5560000, 0x00000000f74d0000, 0x0000000100000000)
  eden space 24256K, 100% used [0x00000000f5560000,0x00000000f6d10000,0x00000000f6d10000)
  from space 3968K, 99% used [0x00000000f6d10000,0x00000000f70eb940,0x00000000f70f0000)
  to   space 3968K, 0% used [0x00000000f70f0000,0x00000000f70f0000,0x00000000f74d0000)
 ParOldGen       total 64448K, used 394K [0x00000000e0000000, 0x00000000e3ef0000, 0x00000000f5560000)
  object space 64448K, 0% used [0x00000000e0000000,0x00000000e0062908,0x00000000e3ef0000)
 PSPermGen       total 21248K, used 13900K [0x00000000dae00000, 0x00000000dc2c0000, 0x00000000e0000000)
  object space 21248K, 65% used [0x00000000dae00000,0x00000000dbb93110,0x00000000dc2c0000)
Event: 3.360 GC heap after
Heap after GC invocations=2 (full 0):
 PSYoungGen      total 28224K, used 3939K [0x00000000f5560000, 0x00000000f8c80000, 0x0000000100000000)
  eden space 24256K, 0% used [0x00000000f5560000,0x00000000f5560000,0x00000000f6d10000)
  from space 3968K, 99% used [0x00000000f70f0000,0x00000000f74c8ff0,0x00000000f74d0000)
  to   space 3968K, 0% used [0x00000000f6d10000,0x00000000f6d10000,0x00000000f70f0000)
 ParOldGen       total 64448K, used 3066K [0x00000000e0000000, 0x00000000e3ef0000, 0x00000000f5560000)
  object space 64448K, 4% used [0x00000000e0000000,0x00000000e02fead0,0x00000000e3ef0000)
 PSPermGen       total 21248K, used 13900K [0x00000000dae00000, 0x00000000dc2c0000, 0x00000000e0000000)
  object space 21248K, 65% used [0x00000000dae00000,0x00000000dbb93110,0x00000000dc2c0000)
}
Event: 3.832 GC heap before
{Heap before GC invocations=3 (full 0):
 PSYoungGen      total 28224K, used 28195K [0x00000000f5560000, 0x00000000f8c80000, 0x0000000100000000)
  eden space 24256K, 100% used [0x00000000f5560000,0x00000000f6d10000,0x00000000f6d10000)
  from space 3968K, 99% used [0x00000000f70f0000,0x00000000f74c8ff0,0x00000000f74d0000)
  to   space 3968K, 0% used [0x00000000f6d10000,0x00000000f6d10000,0x00000000f70f0000)
 ParOldGen       total 64448K, used 3066K [0x00000000e0000000, 0x00000000e3ef0000, 0x00000000f5560000)
  object space 64448K, 4% used [0x00000000e0000000,0x00000000e02fead0,0x00000000e3ef0000)
 PSPermGen       total 21248K, used 15803K [0x00000000dae00000, 0x00000000dc2c0000, 0x00000000e0000000)
  object space 21248K, 74% used [0x00000000dae00000,0x00000000dbd6ee88,0x00000000dc2c0000)
Event: 3.838 GC heap after
Heap after GC invocations=3 (full 0):
 PSYoungGen      total 28224K, used 3936K [0x00000000f5560000, 0x00000000f8c80000, 0x0000000100000000)
  eden space 24256K, 0% used [0x00000000f5560000,0x00000000f5560000,0x00000000f6d10000)
  from space 3968K, 99% used [0x00000000f6d10000,0x00000000f70e8280,0x00000000f70f0000)
  to   space 3968K, 0% used [0x00000000f88a0000,0x00000000f88a0000,0x00000000f8c80000)
 ParOldGen       total 64448K, used 5527K [0x00000000e0000000, 0x00000000e3ef0000, 0x00000000f5560000)
  object space 64448K, 8% used [0x00000000e0000000,0x00000000e0565ee8,0x00000000e3ef0000)
 PSPermGen       total 21248K, used 15803K [0x00000000dae00000, 0x00000000dc2c0000, 0x00000000e0000000)
  object space 21248K, 74% used [0x00000000dae00000,0x00000000dbd6ee88,0x00000000dc2c0000)
}
Event: 3.952 GC heap before
{Heap before GC invocations=4 (full 0):
 PSYoungGen      total 28224K, used 28192K [0x00000000f5560000, 0x00000000f8c80000, 0x0000000100000000)
  eden space 24256K, 100% used [0x00000000f5560000,0x00000000f6d10000,0x00000000f6d10000)
  from space 3968K, 99% used [0x00000000f6d10000,0x00000000f70e8280,0x00000000f70f0000)
  to   space 3968K, 0% used [0x00000000f88a0000,0x00000000f88a0000,0x00000000f8c80000)
 ParOldGen       total 64448K, used 5527K [0x00000000e0000000, 0x00000000e3ef0000, 0x00000000f5560000)
  object space 64448K, 8% used [0x00000000e0000000,0x00000000e0565ee8,0x00000000e3ef0000)
 PSPermGen       total 21248K, used 15891K [0x00000000dae00000, 0x00000000dc2c0000, 0x00000000e0000000)
  object space 21248K, 74% used [0x00000000dae00000,0x00000000dbd84e48,0x00000000dc2c0000)
Event: 3.958 GC heap after
Heap after GC invocations=4 (full 0):
 PSYoungGen      total 52480K, used 3956K [0x00000000f5560000, 0x00000000f8c80000, 0x0000000100000000)
  eden space 48512K, 0% used [0x00000000f5560000,0x00000000f5560000,0x00000000f84c0000)
  from space 3968K, 99% used [0x00000000f88a0000,0x00000000f8c7d200,0x00000000f8c80000)
  to   space 3968K, 0% used [0x00000000f84c0000,0x00000000f84c0000,0x00000000f88a0000)
 ParOldGen       total 64448K, used 9416K [0x00000000e0000000, 0x00000000e3ef0000, 0x00000000f5560000)
  object space 64448K, 14% used [0x00000000e0000000,0x00000000e09323c0,0x00000000e3ef0000)
 PSPermGen       total 21248K, used 15891K [0x00000000dae00000, 0x00000000dc2c0000, 0x00000000e0000000)
  object space 21248K, 74% used [0x00000000dae00000,0x00000000dbd84e48,0x00000000dc2c0000)
}
Event: 24.547 GC heap before
{Heap before GC invocations=5 (full 0):
 PSYoungGen      total 52480K, used 52468K [0x00000000f5560000, 0x00000000f8c80000, 0x0000000100000000)
  eden space 48512K, 100% used [0x00000000f5560000,0x00000000f84c0000,0x00000000f84c0000)
  from space 3968K, 99% used [0x00000000f88a0000,0x00000000f8c7d200,0x00000000f8c80000)
  to   space 3968K, 0% used [0x00000000f84c0000,0x00000000f84c0000,0x00000000f88a0000)
 ParOldGen       total 64448K, used 9416K [0x00000000e0000000, 0x00000000e3ef0000, 0x00000000f5560000)
  object space 64448K, 14% used [0x00000000e0000000,0x00000000e09323c0,0x00000000e3ef0000)
 PSPermGen       total 21248K, used 21181K [0x00000000dae00000, 0x00000000dc2c0000, 0x00000000e0000000)
  object space 21248K, 99% used [0x00000000dae00000,0x00000000dc2af5f8,0x00000000dc2c0000)
Event: 24.558 GC heap after
Heap after GC invocations=5 (full 0):
 PSYoungGen      total 52480K, used 3952K [0x00000000f5560000, 0x00000000fc7a0000, 0x0000000100000000)
  eden space 48512K, 0% used [0x00000000f5560000,0x00000000f5560000,0x00000000f84c0000)
  from space 3968K, 99% used [0x00000000f84c0000,0x00000000f889c040,0x00000000f88a0000)
  to   space 9984K, 0% used [0x00000000fbde0000,0x00000000fbde0000,0x00000000fc7a0000)
 ParOldGen       total 64448K, used 14240K [0x00000000e0000000, 0x00000000e3ef0000, 0x00000000f5560000)
  object space 64448K, 22% used [0x00000000e0000000,0x00000000e0de82b8,0x00000000e3ef0000)
 PSPermGen       total 21248K, used 21181K [0x00000000dae00000, 0x00000000dc2c0000, 0x00000000e0000000)
  object space 21248K, 99% used [0x00000000dae00000,0x00000000dc2af5f8,0x00000000dc2c0000)
}
Event: 24.907 GC heap before
{Heap before GC invocations=6 (full 0):
 PSYoungGen      total 52480K, used 52464K [0x00000000f5560000, 0x00000000fc7a0000, 0x0000000100000000)
  eden space 48512K, 100% used [0x00000000f5560000,0x00000000f84c0000,0x00000000f84c0000)
  from space 3968K, 99% used [0x00000000f84c0000,0x00000000f889c040,0x00000000f88a0000)
  to   space 9984K, 0% used [0x00000000fbde0000,0x00000000fbde0000,0x00000000fc7a0000)
 ParOldGen       total 64448K, used 14240K [0x00000000e0000000, 0x00000000e3ef0000, 0x00000000f5560000)
  object space 64448K, 22% used [0x00000000e0000000,0x00000000e0de82b8,0x00000000e3ef0000)
 PSPermGen       total 23168K, used 22986K [0x00000000dae00000, 0x00000000dc4a0000, 0x00000000e0000000)
  object space 23168K, 99% used [0x00000000dae00000,0x00000000dc472bb8,0x00000000dc4a0000)
Event: 24.913 GC heap after
Heap after GC invocations=6 (full 0):
 PSYoungGen      total 106368K, used 6063K [0x00000000f5560000, 0x00000000fc700000, 0x0000000100000000)
  eden space 97024K, 0% used [0x00000000f5560000,0x00000000f5560000,0x00000000fb420000)
  from space 9344K, 64% used [0x00000000fbde0000,0x00000000fc3cbf18,0x00000000fc700000)
  to   space 9664K, 0% used [0x00000000fb420000,0x00000000fb420000,0x00000000fbd90000)
 ParOldGen       total 64448K, used 14248K [0x00000000e0000000, 0x00000000e3ef0000, 0x00000000f5560000)
  object space 64448K, 22% used [0x00000000e0000000,0x00000000e0dea2b8,0x00000000e3ef0000)
 PSPermGen       total 23168K, used 22986K [0x00000000dae00000, 0x00000000dc4a0000, 0x00000000e0000000)
  object space 23168K, 99% used [0x00000000dae00000,0x00000000dc472bb8,0x00000000dc4a0000)
}

Deoptimization events (10 events):
Event: 1791.329 Thread 0x000000000daae800 Uncommon trap -25 fr.pc 0x0000000002c7be0c
Event: 1791.329 Thread 0x000000000daae800 Uncommon trap -25 fr.pc 0x0000000002c7be0c
Event: 1791.330 Thread 0x000000000daae800 Uncommon trap -25 fr.pc 0x0000000002c7be0c
Event: 1791.330 Thread 0x000000000daae800 Uncommon trap -25 fr.pc 0x0000000002c7be0c
Event: 1791.330 Thread 0x000000000daae800 Uncommon trap -25 fr.pc 0x0000000002c7be0c
Event: 1791.330 Thread 0x000000000daae800 Uncommon trap -25 fr.pc 0x0000000002c7be0c
Event: 1791.330 Thread 0x000000000daae800 Uncommon trap -25 fr.pc 0x0000000002c7be0c
Event: 6776.384 Thread 0x000000000a1d4800 Uncommon trap -34 fr.pc 0x0000000002cafb4c
Event: 6807.484 Thread 0x000000000a1d4800 Uncommon trap -34 fr.pc 0x0000000002cafb4c
Event: 6824.886 Thread 0x000000000a1d4800 Uncommon trap -34 fr.pc 0x0000000002cafb4c

Internal exceptions (10 events):
Event: 1791.330 Thread 0x000000000daae800 Threw 0x00000000f803b320 at C:\jdk7u2_64p\jdk7u25\hotspot\src\share\vm\interpreter\interpreterRuntime.cpp:347
Event: 1791.330 Thread 0x000000000daae800 Threw 0x00000000f803be80 at C:\jdk7u2_64p\jdk7u25\hotspot\src\share\vm\interpreter\interpreterRuntime.cpp:347
Event: 6776.384 Thread 0x000000000a1d4800 Threw 0x00000000f9057820 at C:\jdk7u2_64p\jdk7u25\hotspot\src\share\vm\interpreter\interpreterRuntime.cpp:347
Event: 6776.385 Thread 0x000000000a1d4800 Threw 0x00000000f90714d8 at C:\jdk7u2_64p\jdk7u25\hotspot\src\share\vm\interpreter\interpreterRuntime.cpp:347
Event: 6807.484 Thread 0x000000000a1d4800 Threw 0x00000000f912ab28 at C:\jdk7u2_64p\jdk7u25\hotspot\src\share\vm\interpreter\interpreterRuntime.cpp:347
Event: 6807.485 Thread 0x000000000a1d4800 Threw 0x00000000f9142b48 at C:\jdk7u2_64p\jdk7u25\hotspot\src\share\vm\interpreter\interpreterRuntime.cpp:347
Event: 6824.886 Thread 0x000000000a1d4800 Threw 0x00000000f917cc10 at C:\jdk7u2_64p\jdk7u25\hotspot\src\share\vm\interpreter\interpreterRuntime.cpp:347
Event: 6824.887 Thread 0x000000000a1d4800 Threw 0x00000000f9193390 at C:\jdk7u2_64p\jdk7u25\hotspot\src\share\vm\interpreter\interpreterRuntime.cpp:347
Event: 6833.996 Thread 0x000000000a1d4800 Threw 0x00000000f91cb820 at C:\jdk7u2_64p\jdk7u25\hotspot\src\share\vm\interpreter\interpreterRuntime.cpp:347
Event: 6833.997 Thread 0x000000000a1d4800 Threw 0x00000000f91e1338 at C:\jdk7u2_64p\jdk7u25\hotspot\src\share\vm\interpreter\interpreterRuntime.cpp:347

Events (10 events):
Event: 6833.997 Thread 0x000000000a1d4800 DEOPT UNPACKING pc=0x0000000002b28fb9 sp=0x000000000b10dd48 mode 1
Event: 6833.997 Thread 0x000000000a1d4800 DEOPT PACKING pc=0x0000000002ceff88 sp=0x000000000b10e000
Event: 6833.997 Thread 0x000000000a1d4800 DEOPT UNPACKING pc=0x0000000002b28fb9 sp=0x000000000b10dd48 mode 1
Event: 7306.047 Executing VM operation: RevokeBias
Event: 7306.047 Executing VM operation: RevokeBias done
Event: 7306.048 Thread 0x000000000bc47000 Thread added: 0x000000000bc47000
Event: 7306.048 Executing VM operation: RevokeBias
Event: 7306.048 Executing VM operation: RevokeBias done
Event: 7306.048 Executing VM operation: RevokeBias
Event: 7306.048 Executing VM operation: RevokeBias done


Dynamic libraries:
0x000000013fac0000 - 0x000000013faf3000 	C:\Program Files\Java\jre7\bin\javaw.exe
0x00000000772d0000 - 0x0000000077479000 	C:\Windows\SYSTEM32\ntdll.dll
0x0000000071980000 - 0x00000000719ce000 	C:\Program Files\AVAST Software\Avast\snxhk64.dll
0x00000000770b0000 - 0x00000000771cf000 	C:\Windows\system32\KERNEL32.dll
0x000007fefd160000 - 0x000007fefd1cb000 	C:\Windows\system32\KERNELBASE.dll
0x000007fefda80000 - 0x000007fefdb5b000 	C:\Windows\system32\ADVAPI32.dll
0x000007fefdb70000 - 0x000007fefdc0f000 	C:\Windows\system32\msvcrt.dll
0x000007fefec70000 - 0x000007fefec8f000 	C:\Windows\SYSTEM32\sechost.dll
0x000007fefdc10000 - 0x000007fefdd3d000 	C:\Windows\system32\RPCRT4.dll
0x00000000771d0000 - 0x00000000772ca000 	C:\Windows\system32\USER32.dll
0x000007fefdd40000 - 0x000007fefdda7000 	C:\Windows\system32\GDI32.dll
0x000007fefeb90000 - 0x000007fefeb9e000 	C:\Windows\system32\LPK.dll
0x000007feff490000 - 0x000007feff559000 	C:\Windows\system32\USP10.dll
0x000007fefb410000 - 0x000007fefb604000 	C:\Windows\WinSxS\amd64_microsoft.windows.common-controls_6595b64144ccf1df_6.0.7601.17514_none_fa396087175ac9ac\COMCTL32.dll
0x000007fefeba0000 - 0x000007fefec11000 	C:\Windows\system32\SHLWAPI.dll
0x000007fefeb40000 - 0x000007fefeb6e000 	C:\Windows\system32\IMM32.DLL
0x000007fefed30000 - 0x000007fefee39000 	C:\Windows\system32\MSCTF.dll
0x000007fefd060000 - 0x000007fefd0a4000 	C:\Windows\system32\nvinitx.dll
0x0000000072c00000 - 0x0000000072cd1000 	C:\Program Files\Java\jre7\bin\msvcr100.dll
0x000000006d890000 - 0x000000006df9f000 	C:\Program Files\Java\jre7\bin\server\jvm.dll
0x000007fef36d0000 - 0x000007fef36d9000 	C:\Windows\system32\WSOCK32.dll
0x000007fefec20000 - 0x000007fefec6d000 	C:\Windows\system32\WS2_32.dll
0x000007fefdb60000 - 0x000007fefdb68000 	C:\Windows\system32\NSI.dll
0x000007fefb0c0000 - 0x000007fefb0fb000 	C:\Windows\system32\WINMM.dll
0x00000000774a0000 - 0x00000000774a7000 	C:\Windows\system32\PSAPI.DLL
0x0000000072de0000 - 0x0000000072def000 	C:\Program Files\Java\jre7\bin\verify.dll
0x00000000727f0000 - 0x0000000072818000 	C:\Program Files\Java\jre7\bin\java.dll
0x000000005fe40000 - 0x000000005fe75000 	C:\Program Files\Java\jre7\bin\jdwp.dll
0x000000006bdc0000 - 0x000000006bdc8000 	C:\Program Files\Java\jre7\bin\npt.dll
0x000000006bd90000 - 0x000000006bdb3000 	C:\Program Files\Java\jre7\bin\instrument.dll
0x00000000727d0000 - 0x00000000727e5000 	C:\Program Files\Java\jre7\bin\zip.dll
0x000000006bcd0000 - 0x000000006bcd9000 	C:\Program Files\Java\jre7\bin\dt_socket.dll
0x000007fefb800000 - 0x000007fefb815000 	C:\Windows\system32\NLAapi.dll
0x000007fef8190000 - 0x000007fef81a5000 	C:\Windows\system32\napinsp.dll
0x000007fef8170000 - 0x000007fef8189000 	C:\Windows\system32\pnrpnsp.dll
0x000007fefc890000 - 0x000007fefc8e5000 	C:\Windows\System32\mswsock.dll
0x000007fefc710000 - 0x000007fefc76b000 	C:\Windows\system32\DNSAPI.dll
0x000007fef8160000 - 0x000007fef816b000 	C:\Windows\System32\winrnr.dll
0x000007fef8130000 - 0x000007fef815e000 	C:\Program Files\Common Files\Microsoft Shared\Windows Live\WLIDNSP.DLL
0x000007fefb080000 - 0x000007fefb0a7000 	C:\Windows\system32\IPHLPAPI.DLL
0x000007fefb070000 - 0x000007fefb07b000 	C:\Windows\system32\WINNSI.DLL
0x000007fefafa0000 - 0x000007fefaff3000 	C:\Windows\System32\fwpuclnt.dll
0x000007fef8120000 - 0x000007fef8128000 	C:\Windows\system32\rasadhlp.dll
0x000007fefc220000 - 0x000007fefc227000 	C:\Windows\System32\wshtcpip.dll
0x000000006ec50000 - 0x000000006ec69000 	C:\Program Files\Java\jre7\bin\net.dll
0x000007fefc880000 - 0x000007fefc887000 	C:\Windows\System32\wship6.dll
0x000000006ec30000 - 0x000000006ec41000 	C:\Program Files\Java\jre7\bin\nio.dll
0x000000005fc90000 - 0x000000005fcb4000 	C:\Program Files\Java\jre7\bin\sunec.dll
0x000000006bcc0000 - 0x000000006bccb000 	C:\Program Files\Java\jre7\bin\sunmscapi.dll
0x000007fefd340000 - 0x000007fefd4ac000 	C:\Windows\system32\CRYPT32.dll
0x000007fefd150000 - 0x000007fefd15f000 	C:\Windows\system32\MSASN1.dll
0x000007fefc8f0000 - 0x000007fefc907000 	C:\Windows\system32\CRYPTSP.dll
0x000007fefc5f0000 - 0x000007fefc637000 	C:\Windows\system32\rsaenh.dll
0x000007fefc360000 - 0x000007fefc37e000 	C:\Windows\system32\USERENV.dll
0x000007fefd0b0000 - 0x000007fefd0bf000 	C:\Windows\system32\profapi.dll
0x000007fefcf90000 - 0x000007fefcf9f000 	C:\Windows\system32\CRYPTBASE.dll
0x000007fef6a00000 - 0x000007fef6b25000 	C:\Windows\system32\dbghelp.dll

VM Arguments:
jvm_args: -agentlib:jdwp=transport=dt_socket,suspend=y,address=localhost:59025 -Ddatastore.default_high_rep_job_policy_unapplied_job_pct=50 -Xmx512m -javaagent:C:\Users\Jackson\.eclipse\org.eclipse.platform_4.2.0_1709980481\plugins\com.google.appengine.eclipse.sdkbundle_1.8.7\appengine-java-sdk-1.8.7\lib\agent\appengine-agent.jar -Dfile.encoding=Cp1252 
java_command: com.google.appengine.tools.development.DevAppServerMain --port=8888 C:\Users\Jackson\Dropbox\Code\RailPro-Boston-AppEngine\war
Launcher Type: SUN_STANDARD

Environment Variables:
JAVA_HOME=C:\Program Files\Java\jre7
PATH=C:\Program Files\Common Files\Microsoft Shared\Windows Live;C:\Program Files (x86)\Common Files\Microsoft Shared\Windows Live;C:\Program Files (x86)\NVIDIA Corporation\PhysX\Common;C:\Windows\system32;C:\Windows;C:\Windows\System32\Wbem;C:\Windows\System32\WindowsPowerShell\v1.0\;C:\Program Files (x86)\Common Files\Roxio Shared\DLLShared\;C:\Program Files (x86)\Common Files\Roxio Shared\OEM\DLLShared\;C:\Program Files (x86)\Common Files\Roxio Shared\OEM\DLLShared\;C:\Program Files (x86)\Common Files\Roxio Shared\OEM\12.0\DLLShared\;C:\Program Files (x86)\Roxio\OEM\AudioCore\;C:\Program Files\Java\jre7\bin;C:\Program Files\Java\jdk1.7.0_07\bin; Program Files (x86)\Windows Live\Shared;C:\MinGW\bin;C:\Users\Jackson\Downloads\apache-ant-1.8.4-bin\apache-ant-1.8.4\bin;C:\Users\Jackson\Downloads\clang+llvm-3.1-i386-mingw32-EXPERIMENTAL\clang+llvm-3.1-i386-mingw32-EXPERIMENTAL\bin;C:\Program Files (x86)\Graphviz2.30\bin;C:\Program Files (x86)\apache-maven-3.0.5\bin;C:\Program Files\R\R-3.0.0\bin
USERNAME=Jackson
OS=Windows_NT
PROCESSOR_IDENTIFIER=Intel64 Family 6 Model 42 Stepping 7, GenuineIntel



---------------  S Y S T E M  ---------------

OS: Windows 7 , 64 bit Build 7601 Service Pack 1

CPU:total 8 (4 cores per cpu, 2 threads per core) family 6 model 42 stepping 7, cmov, cx8, fxsr, mmx, sse, sse2, sse3, ssse3, sse4.1, sse4.2, popcnt, avx, ht, tsc, tscinvbit

Memory: 4k page, physical 6183280k(1175564k free), swap 12364696k(4613140k free)

vm_info: Java HotSpot(TM) 64-Bit Server VM (23.25-b01) for windows-amd64 JRE (1.7.0_25-b17), built on Jun 21 2013 12:58:32 by "java_re" with unknown MS VC++:1600

time: Sun Nov 17 16:46:56 2013
elapsed time: 7306 seconds

